<?xml version="1.0" encoding="UTF-8" ?>
<testsuite tests="86" failures="0" name="RegressionTest" time="0.027" errors="0" skipped="0">
  <properties>
    <property name="java.runtime.name" value="Java(TM) SE Runtime Environment"/>
    <property name="java.vm.version" value="16.0.2+7-67"/>
    <property name="sun.boot.library.path" value="C:\Program Files\Java\jdk-16.0.2\bin"/>
    <property name="maven.multiModuleProjectDirectory" value="C:\Users\namra\Desktop\Spring_2022\PAT\Assign 4\AVL-tree-testing"/>
    <property name="java.vm.vendor" value="Oracle Corporation"/>
    <property name="java.vendor.url" value="https://java.oracle.com/"/>
    <property name="guice.disable.misplaced.annotation.check" value="true"/>
    <property name="path.separator" value=";"/>
    <property name="java.vm.name" value="Java HotSpot(TM) 64-Bit Server VM"/>
    <property name="sun.os.patch.level" value=""/>
    <property name="user.script" value=""/>
    <property name="user.country" value="US"/>
    <property name="sun.java.launcher" value="SUN_STANDARD"/>
    <property name="java.vm.specification.name" value="Java Virtual Machine Specification"/>
    <property name="user.dir" value="C:\Users\namra\Desktop\Spring_2022\PAT\Assign 4\AVL-tree-testing"/>
    <property name="java.vm.compressedOopsMode" value="Zero based"/>
    <property name="java.runtime.version" value="16.0.2+7-67"/>
    <property name="os.arch" value="amd64"/>
    <property name="java.io.tmpdir" value="C:\Users\namra\AppData\Local\Temp\"/>
    <property name="line.separator" value="
"/>
    <property name="java.vm.specification.vendor" value="Oracle Corporation"/>
    <property name="user.variant" value=""/>
    <property name="os.name" value="Windows 10"/>
    <property name="classworlds.conf" value="C:\Program Files\apache-maven-3.8.5-bin\apache-maven-3.8.5\bin\m2.conf"/>
    <property name="sun.jnu.encoding" value="Cp1252"/>
    <property name="java.library.path" value="C:\Program Files\Java\jdk-16.0.2\bin;C:\windows\Sun\Java\bin;C:\windows\system32;C:\windows;C:\Program Files\Python39\Scripts\;C:\Program Files\Python39\;C:\Program Files\Common Files\Oracle\Java\javapath;C:\Program Files (x86)\Common Files\Oracle\Java\javapath;C:\windows\system32;C:\windows;C:\windows\System32\Wbem;C:\windows\System32\WindowsPowerShell\v1.0\;C:\windows\System32\OpenSSH\;C:\Program Files\Java\jdk-16.0.2\bin;C:\Program Files\Git\cmd;C:\Program Files\MATLAB\R2021a\bin;C:\Program Files\nodejs\;C:\msys64\mingw64\bin;C:\Users\namra\AppData\Local\Microsoft\WindowsApps;C:\Users\namra\AppData\Roaming\npm;C:\Users\namra\AppData\Local\Programs\Microsoft VS Code\bin;C:\Program Files (x86)\Graphviz\bin;C:\Program Files\Graphviz\bin;C:\MinGW\bin;C:\ghidra_10.1.2_PUBLIC\support;C:\Program Files\apache-maven-3.8.5-bin\apache-maven-3.8.5\bin;C:\Users\namra\AppData\Roaming\TinyTeX\bin\win32;."/>
    <property name="maven.conf" value="C:\Program Files\apache-maven-3.8.5-bin\apache-maven-3.8.5/conf"/>
    <property name="jdk.debug" value="release"/>
    <property name="java.class.version" value="60.0"/>
    <property name="java.specification.name" value="Java Platform API Specification"/>
    <property name="sun.management.compiler" value="HotSpot 64-Bit Tiered Compilers"/>
    <property name="os.version" value="10.0"/>
    <property name="library.jansi.path" value="C:\Program Files\apache-maven-3.8.5-bin\apache-maven-3.8.5\lib\jansi-native"/>
    <property name="user.home" value="C:\Users\namra"/>
    <property name="user.timezone" value="America/Chicago"/>
    <property name="file.encoding" value="Cp1252"/>
    <property name="java.specification.version" value="16"/>
    <property name="user.name" value="namra"/>
    <property name="java.class.path" value="C:\Program Files\apache-maven-3.8.5-bin\apache-maven-3.8.5\boot\plexus-classworlds-2.6.0.jar"/>
    <property name="java.vm.specification.version" value="16"/>
    <property name="sun.arch.data.model" value="64"/>
    <property name="sun.java.command" value="org.codehaus.plexus.classworlds.launcher.Launcher test"/>
    <property name="java.home" value="C:\Program Files\Java\jdk-16.0.2"/>
    <property name="user.language" value="en"/>
    <property name="java.specification.vendor" value="Oracle Corporation"/>
    <property name="java.vm.info" value="mixed mode, sharing"/>
    <property name="java.version" value="16.0.2"/>
    <property name="java.vendor" value="Oracle Corporation"/>
    <property name="sun.stderr.encoding" value="cp437"/>
    <property name="maven.home" value="C:\Program Files\apache-maven-3.8.5-bin\apache-maven-3.8.5"/>
    <property name="file.separator" value="\"/>
    <property name="java.version.date" value="2021-07-20"/>
    <property name="java.vendor.url.bug" value="https://bugreport.java.com/bugreport/"/>
    <property name="sun.io.unicode.encoding" value="UnicodeLittle"/>
    <property name="sun.cpu.endian" value="little"/>
    <property name="sun.stdout.encoding" value="cp437"/>
    <property name="sun.cpu.isalist" value="amd64"/>
  </properties>
  <testcase classname="RegressionTest0" name="test01" time="0.006"/>
  <testcase classname="RegressionTest0" name="test02" time="0.004"/>
  <testcase classname="RegressionTest0" name="test03" time="0"/>
  <testcase classname="RegressionTest0" name="test04" time="0"/>
  <testcase classname="RegressionTest0" name="test05" time="0"/>
  <testcase classname="RegressionTest0" name="test06" time="0"/>
  <testcase classname="RegressionTest0" name="test07" time="0"/>
  <testcase classname="RegressionTest0" name="test08" time="0.001"/>
  <testcase classname="RegressionTest0" name="test09" time="0"/>
  <testcase classname="RegressionTest0" name="test10" time="0"/>
  <testcase classname="RegressionTest0" name="test11" time="0"/>
  <testcase classname="RegressionTest0" name="test12" time="0"/>
  <testcase classname="RegressionTest0" name="test13" time="0"/>
  <testcase classname="RegressionTest0" name="test14" time="0"/>
  <testcase classname="RegressionTest0" name="test15" time="0"/>
  <testcase classname="RegressionTest0" name="test16" time="0.001"/>
  <testcase classname="RegressionTest0" name="test17" time="0"/>
  <testcase classname="RegressionTest0" name="test18" time="0"/>
  <testcase classname="RegressionTest0" name="test19" time="0"/>
  <testcase classname="RegressionTest0" name="test20" time="0.001"/>
  <testcase classname="RegressionTest0" name="test21" time="0"/>
  <testcase classname="RegressionTest0" name="test22" time="0"/>
  <testcase classname="RegressionTest0" name="test23" time="0"/>
  <testcase classname="RegressionTest0" name="test24" time="0"/>
  <testcase classname="RegressionTest0" name="test25" time="0.001"/>
  <testcase classname="RegressionTest0" name="test26" time="0"/>
  <testcase classname="RegressionTest0" name="test27" time="0.001"/>
  <testcase classname="RegressionTest0" name="test28" time="0"/>
  <testcase classname="RegressionTest0" name="test29" time="0.001"/>
  <testcase classname="RegressionTest0" name="test30" time="0"/>
  <testcase classname="RegressionTest0" name="test31" time="0"/>
  <testcase classname="RegressionTest0" name="test32" time="0.001"/>
  <testcase classname="RegressionTest0" name="test33" time="0"/>
  <testcase classname="RegressionTest0" name="test34" time="0"/>
  <testcase classname="RegressionTest0" name="test35" time="0"/>
  <testcase classname="RegressionTest0" name="test36" time="0"/>
  <testcase classname="RegressionTest0" name="test37" time="0.001"/>
  <testcase classname="RegressionTest0" name="test38" time="0.001"/>
  <testcase classname="RegressionTest0" name="test39" time="0"/>
  <testcase classname="RegressionTest0" name="test40" time="0"/>
  <testcase classname="RegressionTest0" name="test41" time="0"/>
  <testcase classname="RegressionTest0" name="test42" time="0.001"/>
  <testcase classname="RegressionTest0" name="test43" time="0"/>
  <testcase classname="RegressionTest0" name="test44" time="0.001"/>
  <testcase classname="RegressionTest0" name="test45" time="0"/>
  <testcase classname="RegressionTest0" name="test46" time="0"/>
  <testcase classname="RegressionTest0" name="test47" time="0.001"/>
  <testcase classname="RegressionTest0" name="test48" time="0"/>
  <testcase classname="RegressionTest0" name="test49" time="0"/>
  <testcase classname="RegressionTest0" name="test50" time="0"/>
  <testcase classname="RegressionTest0" name="test51" time="0"/>
  <testcase classname="RegressionTest0" name="test52" time="0"/>
  <testcase classname="RegressionTest0" name="test53" time="0"/>
  <testcase classname="RegressionTest0" name="test54" time="0"/>
  <testcase classname="RegressionTest0" name="test55" time="0"/>
  <testcase classname="RegressionTest0" name="test56" time="0"/>
  <testcase classname="RegressionTest0" name="test57" time="0"/>
  <testcase classname="RegressionTest0" name="test58" time="0"/>
  <testcase classname="RegressionTest0" name="test59" time="0"/>
  <testcase classname="RegressionTest0" name="test60" time="0"/>
  <testcase classname="RegressionTest0" name="test61" time="0"/>
  <testcase classname="RegressionTest0" name="test62" time="0.001"/>
  <testcase classname="RegressionTest0" name="test63" time="0"/>
  <testcase classname="RegressionTest0" name="test64" time="0"/>
  <testcase classname="RegressionTest0" name="test65" time="0"/>
  <testcase classname="RegressionTest0" name="test66" time="0"/>
  <testcase classname="RegressionTest0" name="test67" time="0"/>
  <testcase classname="RegressionTest0" name="test68" time="0"/>
  <testcase classname="RegressionTest0" name="test69" time="0"/>
  <testcase classname="RegressionTest0" name="test70" time="0"/>
  <testcase classname="RegressionTest0" name="test71" time="0"/>
  <testcase classname="RegressionTest0" name="test72" time="0"/>
  <testcase classname="RegressionTest0" name="test73" time="0"/>
  <testcase classname="RegressionTest0" name="test74" time="0"/>
  <testcase classname="RegressionTest0" name="test75" time="0"/>
  <testcase classname="RegressionTest0" name="test76" time="0.001"/>
  <testcase classname="RegressionTest0" name="test77" time="0"/>
  <testcase classname="RegressionTest0" name="test78" time="0"/>
  <testcase classname="RegressionTest0" name="test79" time="0"/>
  <testcase classname="RegressionTest0" name="test80" time="0.001"/>
  <testcase classname="RegressionTest0" name="test81" time="0.001"/>
  <testcase classname="RegressionTest0" name="test82" time="0"/>
  <testcase classname="RegressionTest0" name="test83" time="0"/>
  <testcase classname="RegressionTest0" name="test84" time="0"/>
  <testcase classname="RegressionTest0" name="test85" time="0.001"/>
  <testcase classname="RegressionTest0" name="test86" time="0"/>
</testsuite>